mode: set
github.com/ddevcap/castos-go/castos.go:45.78,53.2 5 1
github.com/ddevcap/castos-go/castos.go:56.47,57.17 1 1
github.com/ddevcap/castos-go/castos.go:61.2,77.15 7 0
github.com/ddevcap/castos-go/castos.go:57.17,59.3 1 1
github.com/ddevcap/castos-go/castos.go:80.107,82.16 2 1
github.com/ddevcap/castos-go/castos.go:86.2,86.40 1 1
github.com/ddevcap/castos-go/castos.go:90.2,93.16 3 1
github.com/ddevcap/castos-go/castos.go:97.2,97.17 1 1
github.com/ddevcap/castos-go/castos.go:82.16,84.3 1 0
github.com/ddevcap/castos-go/castos.go:86.40,88.3 1 0
github.com/ddevcap/castos-go/castos.go:93.16,95.3 1 0
github.com/ddevcap/castos-go/castos.go:100.61,102.16 2 1
github.com/ddevcap/castos-go/castos.go:106.2,106.52 1 1
github.com/ddevcap/castos-go/castos.go:110.2,110.14 1 1
github.com/ddevcap/castos-go/castos.go:114.2,115.16 2 1
github.com/ddevcap/castos-go/castos.go:119.2,126.16 4 1
github.com/ddevcap/castos-go/castos.go:130.2,130.44 1 1
github.com/ddevcap/castos-go/castos.go:134.2,134.30 1 1
github.com/ddevcap/castos-go/castos.go:102.16,104.3 1 0
github.com/ddevcap/castos-go/castos.go:106.52,108.3 1 0
github.com/ddevcap/castos-go/castos.go:110.14,112.3 1 0
github.com/ddevcap/castos-go/castos.go:115.16,117.3 1 0
github.com/ddevcap/castos-go/castos.go:126.16,128.3 1 0
github.com/ddevcap/castos-go/castos.go:130.44,132.3 1 0
github.com/ddevcap/castos-go/castos.go:137.56,143.16 4 0
github.com/ddevcap/castos-go/castos.go:147.2,148.16 2 0
github.com/ddevcap/castos-go/castos.go:152.2,152.10 1 0
github.com/ddevcap/castos-go/castos.go:143.16,145.3 1 0
github.com/ddevcap/castos-go/castos.go:148.16,150.3 1 0
github.com/ddevcap/castos-go/categories.go:21.65,25.16 3 0
github.com/ddevcap/castos-go/categories.go:29.2,32.16 3 0
github.com/ddevcap/castos-go/categories.go:36.2,36.56 1 0
github.com/ddevcap/castos-go/categories.go:40.2,42.53 2 0
github.com/ddevcap/castos-go/categories.go:51.2,51.24 1 0
github.com/ddevcap/castos-go/categories.go:25.16,27.3 1 0
github.com/ddevcap/castos-go/categories.go:32.16,34.3 1 0
github.com/ddevcap/castos-go/categories.go:36.56,38.3 1 0
github.com/ddevcap/castos-go/categories.go:42.53,49.3 2 0
github.com/ddevcap/castos-go/episodes.go:37.52,49.50 3 0
github.com/ddevcap/castos-go/episodes.go:53.2,58.12 4 0
github.com/ddevcap/castos-go/episodes.go:49.50,51.3 1 0
github.com/ddevcap/castos-go/episodes.go:62.77,66.16 3 0
github.com/ddevcap/castos-go/episodes.go:70.2,73.16 3 0
github.com/ddevcap/castos-go/episodes.go:77.2,77.22 1 0
github.com/ddevcap/castos-go/episodes.go:66.16,68.3 1 0
github.com/ddevcap/castos-go/episodes.go:73.16,75.3 1 0
github.com/ddevcap/castos-go/episodes.go:81.76,85.16 3 0
github.com/ddevcap/castos-go/episodes.go:89.2,92.16 3 0
github.com/ddevcap/castos-go/episodes.go:96.2,96.22 1 0
github.com/ddevcap/castos-go/episodes.go:85.16,87.3 1 0
github.com/ddevcap/castos-go/episodes.go:92.16,94.3 1 0
github.com/ddevcap/castos-go/errors.go:9.39,11.2 1 0
github.com/ddevcap/castos-go/podcast.go:37.52,49.50 3 0
github.com/ddevcap/castos-go/podcast.go:53.2,58.12 4 0
github.com/ddevcap/castos-go/podcast.go:49.50,51.3 1 0
github.com/ddevcap/castos-go/podcast.go:62.62,66.16 3 0
github.com/ddevcap/castos-go/podcast.go:70.2,73.16 3 0
github.com/ddevcap/castos-go/podcast.go:77.2,77.55 1 0
github.com/ddevcap/castos-go/podcast.go:81.2,83.53 2 0
github.com/ddevcap/castos-go/podcast.go:90.2,90.22 1 0
github.com/ddevcap/castos-go/podcast.go:66.16,68.3 1 0
github.com/ddevcap/castos-go/podcast.go:73.16,75.3 1 0
github.com/ddevcap/castos-go/podcast.go:77.55,79.3 1 0
github.com/ddevcap/castos-go/podcast.go:83.53,88.3 1 0
github.com/ddevcap/castos-go/podcast.go:94.65,98.16 3 0
github.com/ddevcap/castos-go/podcast.go:102.2,105.16 3 0
github.com/ddevcap/castos-go/podcast.go:109.2,109.22 1 0
github.com/ddevcap/castos-go/podcast.go:98.16,100.3 1 0
github.com/ddevcap/castos-go/podcast.go:105.16,107.3 1 0
github.com/ddevcap/castos-go/private_subscribers.go:26.63,37.50 3 0
github.com/ddevcap/castos-go/private_subscribers.go:41.2,44.12 3 0
github.com/ddevcap/castos-go/private_subscribers.go:37.50,39.3 1 0
github.com/ddevcap/castos-go/private_subscribers.go:48.97,55.16 5 0
github.com/ddevcap/castos-go/private_subscribers.go:59.2,62.16 3 0
github.com/ddevcap/castos-go/private_subscribers.go:66.2,66.31 1 0
github.com/ddevcap/castos-go/private_subscribers.go:55.16,57.3 1 0
github.com/ddevcap/castos-go/private_subscribers.go:62.16,64.3 1 0
